<?xml version="1.0" encoding="UTF-8"?>
<!-- Generated by org.testng.reporters.JUnitReportReporter -->
<testsuite hostname="DESKTOP-PD1IOCD" failures="0" tests="1" name="leads_Module.ToCreateLeadTest" time="11.332" errors="0" timestamp="2023-10-31T00:07:03 IST" skipped="0">
  <testcase classname="leads_Module.ToCreateLeadTest" name="toCreateALeadAndToVerifyTheLeadInformationTest" time="11.332"/>
</testsuite> <!-- leads_Module.ToCreateLeadTest -->
